<?xml version="1.0" encoding="UTF-8"?>
<!-- Generated by org.testng.reporters.JUnitXMLReporter -->
<testsuite hostname="ICPL11500" ignored="0" name="Test" tests="1" failures="1" timestamp="05 Feb 2018 10:22:55 GMT" time="29.568" errors="0">
  <testcase name="testApp" time="12.519" classname="Script.TestApp">
    <failure type="java.lang.AssertionError">
      <![CDATA[java.lang.AssertionErrorat org.junit.Assert.fail(Assert.java:92)at org.junit.Assert.fail(Assert.java:100)at pages.SearchPage.verifySourceDestination(SearchPage.java:54)at Script.TestApp.testApp(TestApp.java:25)... Removed 25 stack frames]]>
    </failure>
  </testcase> <!-- testApp -->
</testsuite> <!-- Test -->
